Starting game using opening fen: r1bqkbnr/p1pppppp/n7/1p6/6P1/P1N5/1PPPPP1P/R1BQKBNR b KQkq - 0 1 (opening line 8818). Engine to start: 1
Engine 1 starts thinking. Time: 1000 Moves:  
Score: -58
Engine 2 starts thinking. Time: 1000 Moves:  e7e6 
Score: 76
Engine 1 starts thinking. Time: 824 Moves:  e7e6 e2e4 
Score: -66
Engine 2 starts thinking. Time: 922 Moves:  e7e6 e2e4 c8b7 
Score: 72
Engine 1 starts thinking. Time: 696 Moves:  e7e6 e2e4 c8b7 d2d4 
Score: -64
Engine 2 starts thinking. Time: 865 Moves:  e7e6 e2e4 c8b7 d2d4 c7c5 
Score: 44
Engine 1 starts thinking. Time: 535 Moves:  e7e6 e2e4 c8b7 d2d4 c7c5 f1b5 
Score: -94
Engine 2 starts thinking. Time: 624 Moves:  e7e6 e2e4 c8b7 d2d4 c7c5 f1b5 c5d4 
Score: 108
Engine 1 starts thinking. Time: 400 Moves:  e7e6 e2e4 c8b7 d2d4 c7c5 f1b5 c5d4 d1d4 
Score: -72
Engine 2 starts thinking. Time: 562 Moves:  e7e6 e2e4 c8b7 d2d4 c7c5 f1b5 c5d4 d1d4 a6c7 
Score: 81
Engine 1 starts thinking. Time: 341 Moves:  e7e6 e2e4 c8b7 d2d4 c7c5 f1b5 c5d4 d1d4 a6c7 b5e2 
Score: -100
Engine 2 starts thinking. Time: 424 Moves:  e7e6 e2e4 c8b7 d2d4 c7c5 f1b5 c5d4 d1d4 a6c7 b5e2 g8e7 
Score: 86
Engine 1 starts thinking. Time: 274 Moves:  e7e6 e2e4 c8b7 d2d4 c7c5 f1b5 c5d4 d1d4 a6c7 b5e2 g8e7 g1f3 
Score: -82
Engine 2 starts thinking. Time: 393 Moves:  e7e6 e2e4 c8b7 d2d4 c7c5 f1b5 c5d4 d1d4 a6c7 b5e2 g8e7 g1f3 e7c6 
Score: 71
Engine 1 starts thinking. Time: 232 Moves:  e7e6 e2e4 c8b7 d2d4 c7c5 f1b5 c5d4 d1d4 a6c7 b5e2 g8e7 g1f3 e7c6 d4d3 
Score: -64
Engine 2 starts thinking. Time: 265 Moves:  e7e6 e2e4 c8b7 d2d4 c7c5 f1b5 c5d4 d1d4 a6c7 b5e2 g8e7 g1f3 e7c6 d4d3 f8e7 
Score: 105
Engine 1 starts thinking. Time: 188 Moves:  e7e6 e2e4 c8b7 d2d4 c7c5 f1b5 c5d4 d1d4 a6c7 b5e2 g8e7 g1f3 e7c6 d4d3 f8e7 c1f4 
Score: -79
Engine 2 starts thinking. Time: 237 Moves:  e7e6 e2e4 c8b7 d2d4 c7c5 f1b5 c5d4 d1d4 a6c7 b5e2 g8e7 g1f3 e7c6 d4d3 f8e7 c1f4 d7d6 
Score: 105
Engine 1 starts thinking. Time: 192 Moves:  e7e6 e2e4 c8b7 d2d4 c7c5 f1b5 c5d4 d1d4 a6c7 b5e2 g8e7 g1f3 e7c6 d4d3 f8e7 c1f4 d7d6 e1c1 
Score: -109
Engine 2 starts thinking. Time: 281 Moves:  e7e6 e2e4 c8b7 d2d4 c7c5 f1b5 c5d4 d1d4 a6c7 b5e2 g8e7 g1f3 e7c6 d4d3 f8e7 c1f4 d7d6 e1c1 e6e5 
Score: 110
Engine 1 starts thinking. Time: 123 Moves:  e7e6 e2e4 c8b7 d2d4 c7c5 f1b5 c5d4 d1d4 a6c7 b5e2 g8e7 g1f3 e7c6 d4d3 f8e7 c1f4 d7d6 e1c1 e6e5 f4e3 
Score: -109
Engine 2 starts thinking. Time: 284 Moves:  e7e6 e2e4 c8b7 d2d4 c7c5 f1b5 c5d4 d1d4 a6c7 b5e2 g8e7 g1f3 e7c6 d4d3 f8e7 c1f4 d7d6 e1c1 e6e5 f4e3 b7a6 
Score: 142
Engine 1 starts thinking. Time: 125 Moves:  e7e6 e2e4 c8b7 d2d4 c7c5 f1b5 c5d4 d1d4 a6c7 b5e2 g8e7 g1f3 e7c6 d4d3 f8e7 c1f4 d7d6 e1c1 e6e5 f4e3 b7a6 d3d2 
Score: -101
Engine 2 starts thinking. Time: 198 Moves:  e7e6 e2e4 c8b7 d2d4 c7c5 f1b5 c5d4 d1d4 a6c7 b5e2 g8e7 g1f3 e7c6 d4d3 f8e7 c1f4 d7d6 e1c1 e6e5 f4e3 b7a6 d3d2 a6e2 
Score: 142
Engine 1 starts thinking. Time: 0 Moves:  e7e6 e2e4 c8b7 d2d4 c7c5 f1b5 c5d4 d1d4 a6c7 b5e2 g8e7 g1f3 e7c6 d4d3 f8e7 c1f4 d7d6 e1c1 e6e5 f4e3 b7a6 d3d2 a6e2 d2e2 
Score: -123
Engine 2 starts thinking. Time: 242 Moves:  e7e6 e2e4 c8b7 d2d4 c7c5 f1b5 c5d4 d1d4 a6c7 b5e2 g8e7 g1f3 e7c6 d4d3 f8e7 c1f4 d7d6 e1c1 e6e5 f4e3 b7a6 d3d2 a6e2 d2e2 d8d7 
Score: 132
Engine 1 starts thinking. Time: 29 Moves:  e7e6 e2e4 c8b7 d2d4 c7c5 f1b5 c5d4 d1d4 a6c7 b5e2 g8e7 g1f3 e7c6 d4d3 f8e7 c1f4 d7d6 e1c1 e6e5 f4e3 b7a6 d3d2 a6e2 d2e2 d8d7 e2c4 
Score: -151
Engine 2 starts thinking. Time: 178 Moves:  e7e6 e2e4 c8b7 d2d4 c7c5 f1b5 c5d4 d1d4 a6c7 b5e2 g8e7 g1f3 e7c6 d4d3 f8e7 c1f4 d7d6 e1c1 e6e5 f4e3 b7a6 d3d2 a6e2 d2e2 d8d7 e2c4 e8g8 
Score: 141
Engine 1 starts thinking. Time: 64 Moves:  e7e6 e2e4 c8b7 d2d4 c7c5 f1b5 c5d4 d1d4 a6c7 b5e2 g8e7 g1f3 e7c6 d4d3 f8e7 c1f4 d7d6 e1c1 e6e5 f4e3 b7a6 d3d2 a6e2 d2e2 d8d7 e2c4 e8g8 h2h4 
Score: -158
Engine 2 starts thinking. Time: 133 Moves:  e7e6 e2e4 c8b7 d2d4 c7c5 f1b5 c5d4 d1d4 a6c7 b5e2 g8e7 g1f3 e7c6 d4d3 f8e7 c1f4 d7d6 e1c1 e6e5 f4e3 b7a6 d3d2 a6e2 d2e2 d8d7 e2c4 e8g8 h2h4 c7e6 
Score: 157
Engine 1 starts thinking. Time: -8 Moves:  e7e6 e2e4 c8b7 d2d4 c7c5 f1b5 c5d4 d1d4 a6c7 b5e2 g8e7 g1f3 e7c6 d4d3 f8e7 c1f4 d7d6 e1c1 e6e5 f4e3 b7a6 d3d2 a6e2 d2e2 d8d7 e2c4 e8g8 h2h4 c7e6 c3d5 
Score: -157
Engine 2 starts thinking. Time: 88 Moves:  e7e6 e2e4 c8b7 d2d4 c7c5 f1b5 c5d4 d1d4 a6c7 b5e2 g8e7 g1f3 e7c6 d4d3 f8e7 c1f4 d7d6 e1c1 e6e5 f4e3 b7a6 d3d2 a6e2 d2e2 d8d7 e2c4 e8g8 h2h4 c7e6 c3d5 f8c8 
Score: 111
Engine 1 starts thinking. Time: -67 Moves:  e7e6 e2e4 c8b7 d2d4 c7c5 f1b5 c5d4 d1d4 a6c7 b5e2 g8e7 g1f3 e7c6 d4d3 f8e7 c1f4 d7d6 e1c1 e6e5 f4e3 b7a6 d3d2 a6e2 d2e2 d8d7 e2c4 e8g8 h2h4 c7e6 c3d5 f8c8 c4a6 
Score: -163
Engine 2 starts thinking. Time: 110 Moves:  e7e6 e2e4 c8b7 d2d4 c7c5 f1b5 c5d4 d1d4 a6c7 b5e2 g8e7 g1f3 e7c6 d4d3 f8e7 c1f4 d7d6 e1c1 e6e5 f4e3 b7a6 d3d2 a6e2 d2e2 d8d7 e2c4 e8g8 h2h4 c7e6 c3d5 f8c8 c4a6 e7f8 
Score: 143
Engine 1 starts thinking. Time: -36 Moves:  e7e6 e2e4 c8b7 d2d4 c7c5 f1b5 c5d4 d1d4 a6c7 b5e2 g8e7 g1f3 e7c6 d4d3 f8e7 c1f4 d7d6 e1c1 e6e5 f4e3 b7a6 d3d2 a6e2 d2e2 d8d7 e2c4 e8g8 h2h4 c7e6 c3d5 f8c8 c4a6 e7f8 h1g1 
Score: -118
Engine 2 starts thinking. Time: 30 Moves:  e7e6 e2e4 c8b7 d2d4 c7c5 f1b5 c5d4 d1d4 a6c7 b5e2 g8e7 g1f3 e7c6 d4d3 f8e7 c1f4 d7d6 e1c1 e6e5 f4e3 b7a6 d3d2 a6e2 d2e2 d8d7 e2c4 e8g8 h2h4 c7e6 c3d5 f8c8 c4a6 e7f8 h1g1 a8b8 
Score: 137
Engine 1 starts thinking. Time: -27 Moves:  e7e6 e2e4 c8b7 d2d4 c7c5 f1b5 c5d4 d1d4 a6c7 b5e2 g8e7 g1f3 e7c6 d4d3 f8e7 c1f4 d7d6 e1c1 e6e5 f4e3 b7a6 d3d2 a6e2 d2e2 d8d7 e2c4 e8g8 h2h4 c7e6 c3d5 f8c8 c4a6 e7f8 h1g1 a8b8 h4h5 
Score: -84
Engine 2 starts thinking. Time: 64 Moves:  e7e6 e2e4 c8b7 d2d4 c7c5 f1b5 c5d4 d1d4 a6c7 b5e2 g8e7 g1f3 e7c6 d4d3 f8e7 c1f4 d7d6 e1c1 e6e5 f4e3 b7a6 d3d2 a6e2 d2e2 d8d7 e2c4 e8g8 h2h4 c7e6 c3d5 f8c8 c4a6 e7f8 h1g1 a8b8 h4h5 c6e7 
Score: 245
Engine 1 starts thinking. Time: 6 Moves:  e7e6 e2e4 c8b7 d2d4 c7c5 f1b5 c5d4 d1d4 a6c7 b5e2 g8e7 g1f3 e7c6 d4d3 f8e7 c1f4 d7d6 e1c1 e6e5 f4e3 b7a6 d3d2 a6e2 d2e2 d8d7 e2c4 e8g8 h2h4 c7e6 c3d5 f8c8 c4a6 e7f8 h1g1 a8b8 h4h5 c6e7 f3e5 
Score: -160
Engine 2 starts thinking. Time: 67 Moves:  e7e6 e2e4 c8b7 d2d4 c7c5 f1b5 c5d4 d1d4 a6c7 b5e2 g8e7 g1f3 e7c6 d4d3 f8e7 c1f4 d7d6 e1c1 e6e5 f4e3 b7a6 d3d2 a6e2 d2e2 d8d7 e2c4 e8g8 h2h4 c7e6 c3d5 f8c8 c4a6 e7f8 h1g1 a8b8 h4h5 c6e7 f3e5 d7e8 
Score: 187
Engine 1 starts thinking. Time: -68 Moves:  e7e6 e2e4 c8b7 d2d4 c7c5 f1b5 c5d4 d1d4 a6c7 b5e2 g8e7 g1f3 e7c6 d4d3 f8e7 c1f4 d7d6 e1c1 e6e5 f4e3 b7a6 d3d2 a6e2 d2e2 d8d7 e2c4 e8g8 h2h4 c7e6 c3d5 f8c8 c4a6 e7f8 h1g1 a8b8 h4h5 c6e7 f3e5 d7e8 e5f3 
Score: -164
Engine 2 starts thinking. Time: 93 Moves:  e7e6 e2e4 c8b7 d2d4 c7c5 f1b5 c5d4 d1d4 a6c7 b5e2 g8e7 g1f3 e7c6 d4d3 f8e7 c1f4 d7d6 e1c1 e6e5 f4e3 b7a6 d3d2 a6e2 d2e2 d8d7 e2c4 e8g8 h2h4 c7e6 c3d5 f8c8 c4a6 e7f8 h1g1 a8b8 h4h5 c6e7 f3e5 d7e8 e5f3 e7d5 
Score: 145
Engine 1 starts thinking. Time: -41 Moves:  e7e6 e2e4 c8b7 d2d4 c7c5 f1b5 c5d4 d1d4 a6c7 b5e2 g8e7 g1f3 e7c6 d4d3 f8e7 c1f4 d7d6 e1c1 e6e5 f4e3 b7a6 d3d2 a6e2 d2e2 d8d7 e2c4 e8g8 h2h4 c7e6 c3d5 f8c8 c4a6 e7f8 h1g1 a8b8 h4h5 c6e7 f3e5 d7e8 e5f3 e7d5 e4d5 
Score: -117
Engine 2 starts thinking. Time: 117 Moves:  e7e6 e2e4 c8b7 d2d4 c7c5 f1b5 c5d4 d1d4 a6c7 b5e2 g8e7 g1f3 e7c6 d4d3 f8e7 c1f4 d7d6 e1c1 e6e5 f4e3 b7a6 d3d2 a6e2 d2e2 d8d7 e2c4 e8g8 h2h4 c7e6 c3d5 f8c8 c4a6 e7f8 h1g1 a8b8 h4h5 c6e7 f3e5 d7e8 e5f3 e7d5 e4d5 e6f4 
Score: 146
Engine 1 starts thinking. Time: -121 Moves:  e7e6 e2e4 c8b7 d2d4 c7c5 f1b5 c5d4 d1d4 a6c7 b5e2 g8e7 g1f3 e7c6 d4d3 f8e7 c1f4 d7d6 e1c1 e6e5 f4e3 b7a6 d3d2 a6e2 d2e2 d8d7 e2c4 e8g8 h2h4 c7e6 c3d5 f8c8 c4a6 e7f8 h1g1 a8b8 h4h5 c6e7 f3e5 d7e8 e5f3 e7d5 e4d5 e6f4 e3f4 
Score: -231
Engine 2 starts thinking. Time: 58 Moves:  e7e6 e2e4 c8b7 d2d4 c7c5 f1b5 c5d4 d1d4 a6c7 b5e2 g8e7 g1f3 e7c6 d4d3 f8e7 c1f4 d7d6 e1c1 e6e5 f4e3 b7a6 d3d2 a6e2 d2e2 d8d7 e2c4 e8g8 h2h4 c7e6 c3d5 f8c8 c4a6 e7f8 h1g1 a8b8 h4h5 c6e7 f3e5 d7e8 e5f3 e7d5 e4d5 e6f4 e3f4 e8e4 
Score: 131
Engine 1 starts thinking. Time: -180 Moves:  e7e6 e2e4 c8b7 d2d4 c7c5 f1b5 c5d4 d1d4 a6c7 b5e2 g8e7 g1f3 e7c6 d4d3 f8e7 c1f4 d7d6 e1c1 e6e5 f4e3 b7a6 d3d2 a6e2 d2e2 d8d7 e2c4 e8g8 h2h4 c7e6 c3d5 f8c8 c4a6 e7f8 h1